<?xml version="1.0" encoding="UTF-8"?>
<!-- Generated by org.testng.reporters.JUnitReportReporter -->
<testsuite hostname="LAPTOP-49R5RKHI" failures="0" tests="1" name="RGN.ExtentReports.ExtentReportDemo" time="9.784" errors="0" timestamp="2022-09-16T17:31:17 IST" skipped="0">
  <testcase classname="RGN.ExtentReports.ExtentReportDemo" name="initialDemo" time="9.784"/>
  <system-out/>
</testsuite> <!-- RGN.ExtentReports.ExtentReportDemo -->
